0 info it worked if it ends with ok
1 verbose cli [ 'C:\\Program Files\\nodejs\\node.exe',
1 verbose cli   'C:\\Program Files\\nodejs\\node_modules\\npm\\bin\\npm-cli.js',
1 verbose cli   'install',
1 verbose cli   'node-sqlite3',
1 verbose cli   '-save' ]
2 info using npm@3.8.9
3 info using node@v6.2.0
4 silly loadCurrentTree Starting
5 silly install loadCurrentTree
6 silly install readLocalPackageData
7 silly fetchPackageMetaData node-sqlite3
8 silly fetchNamedPackageData node-sqlite3
9 silly mapToRegistry name node-sqlite3
10 silly mapToRegistry using default registry
11 silly mapToRegistry registry https://registry.npmjs.org/
12 silly mapToRegistry data Result {
12 silly mapToRegistry   raw: 'node-sqlite3',
12 silly mapToRegistry   scope: null,
12 silly mapToRegistry   name: 'node-sqlite3',
12 silly mapToRegistry   rawSpec: '',
12 silly mapToRegistry   spec: 'latest',
12 silly mapToRegistry   type: 'tag' }
13 silly mapToRegistry uri https://registry.npmjs.org/node-sqlite3
14 verbose request uri https://registry.npmjs.org/node-sqlite3
15 verbose request no auth needed
16 info attempt registry request try #1 at 09:09:10
17 verbose request id ea0ffe91afc29496
18 http request GET https://registry.npmjs.org/node-sqlite3
19 http 200 https://registry.npmjs.org/node-sqlite3
20 verbose headers { server: 'CouchDB/1.5.0 (Erlang OTP/R16B03)',
20 verbose headers   etag: '"86JW8QC7E2MJYBLJXMLMSI7GT"',
20 verbose headers   'content-type': 'application/json',
20 verbose headers   'content-encoding': 'gzip',
20 verbose headers   'cache-control': 'max-age=300',
20 verbose headers   'content-length': '921',
20 verbose headers   'accept-ranges': 'bytes',
20 verbose headers   date: 'Fri, 03 Jun 2016 07:09:14 GMT',
20 verbose headers   via: '1.1 varnish',
20 verbose headers   age: '0',
20 verbose headers   connection: 'keep-alive',
20 verbose headers   'x-served-by': 'cache-fra1235-FRA',
20 verbose headers   'x-cache': 'MISS',
20 verbose headers   'x-cache-hits': '0',
20 verbose headers   'x-timer': 'S1464937754.602325,VS0,VE189',
20 verbose headers   vary: 'Accept-Encoding' }
21 silly get cb [ 200,
21 silly get   { server: 'CouchDB/1.5.0 (Erlang OTP/R16B03)',
21 silly get     etag: '"86JW8QC7E2MJYBLJXMLMSI7GT"',
21 silly get     'content-type': 'application/json',
21 silly get     'content-encoding': 'gzip',
21 silly get     'cache-control': 'max-age=300',
21 silly get     'content-length': '921',
21 silly get     'accept-ranges': 'bytes',
21 silly get     date: 'Fri, 03 Jun 2016 07:09:14 GMT',
21 silly get     via: '1.1 varnish',
21 silly get     age: '0',
21 silly get     connection: 'keep-alive',
21 silly get     'x-served-by': 'cache-fra1235-FRA',
21 silly get     'x-cache': 'MISS',
21 silly get     'x-cache-hits': '0',
21 silly get     'x-timer': 'S1464937754.602325,VS0,VE189',
21 silly get     vary: 'Accept-Encoding' } ]
22 verbose get saving node-sqlite3 to C:\Users\fs\AppData\Roaming\npm-cache\registry.npmjs.org\node-sqlite3\.cache.json
23 verbose correctMkdir C:\Users\fs\AppData\Roaming\npm-cache correctMkdir not in flight; initializing
24 silly install normalizeTree
25 silly loadCurrentTree Finishing
26 silly loadIdealTree Starting
27 silly install loadIdealTree
28 silly cloneCurrentTree Starting
29 silly install cloneCurrentTreeToIdealTree
30 silly cloneCurrentTree Finishing
31 silly loadShrinkwrap Starting
32 silly install loadShrinkwrap
33 silly loadShrinkwrap Finishing
34 silly loadAllDepsIntoIdealTree Starting
35 silly install loadAllDepsIntoIdealTree
36 silly resolveWithNewModule node-sqlite3@0.0.3 checking installable status
37 silly cache add args [ 'node-sqlite3', null ]
38 verbose cache add spec node-sqlite3
39 silly cache add parsed spec Result {
39 silly cache add   raw: 'node-sqlite3',
39 silly cache add   scope: null,
39 silly cache add   name: 'node-sqlite3',
39 silly cache add   rawSpec: '',
39 silly cache add   spec: 'latest',
39 silly cache add   type: 'tag' }
40 silly addNamed node-sqlite3@latest
41 verbose addNamed "latest" is being treated as a dist-tag for node-sqlite3
42 info addNameTag [ 'node-sqlite3', 'latest' ]
43 silly mapToRegistry name node-sqlite3
44 silly mapToRegistry using default registry
45 silly mapToRegistry registry https://registry.npmjs.org/
46 silly mapToRegistry data Result {
46 silly mapToRegistry   raw: 'node-sqlite3',
46 silly mapToRegistry   scope: null,
46 silly mapToRegistry   name: 'node-sqlite3',
46 silly mapToRegistry   rawSpec: '',
46 silly mapToRegistry   spec: 'latest',
46 silly mapToRegistry   type: 'tag' }
47 silly mapToRegistry uri https://registry.npmjs.org/node-sqlite3
48 verbose addNameTag registry:https://registry.npmjs.org/node-sqlite3 not in flight; fetching
49 verbose get https://registry.npmjs.org/node-sqlite3 not expired, no request
50 silly addNameTag next cb for node-sqlite3 with tag latest
51 silly addNamed node-sqlite3@0.0.3
52 verbose addNamed "0.0.3" is a plain semver version for node-sqlite3
53 silly mapToRegistry name node-sqlite3
54 silly mapToRegistry using default registry
55 silly mapToRegistry registry https://registry.npmjs.org/
56 silly mapToRegistry data Result {
56 silly mapToRegistry   raw: 'node-sqlite3',
56 silly mapToRegistry   scope: null,
56 silly mapToRegistry   name: 'node-sqlite3',
56 silly mapToRegistry   rawSpec: '',
56 silly mapToRegistry   spec: 'latest',
56 silly mapToRegistry   type: 'tag' }
57 silly mapToRegistry uri https://registry.npmjs.org/node-sqlite3
58 verbose addRemoteTarball https://registry.npmjs.org/node-sqlite3/-/node-sqlite3-0.0.3.tgz not in flight; adding
59 verbose addRemoteTarball [ 'https://registry.npmjs.org/node-sqlite3/-/node-sqlite3-0.0.3.tgz',
59 verbose addRemoteTarball   'ca8fb3523ddf09aed682df0412cb9bfc0ef2e274' ]
60 info retry fetch attempt 1 at 09:09:10
61 info attempt registry request try #1 at 09:09:10
62 http fetch GET https://registry.npmjs.org/node-sqlite3/-/node-sqlite3-0.0.3.tgz
63 http fetch 200 https://registry.npmjs.org/node-sqlite3/-/node-sqlite3-0.0.3.tgz
64 silly fetchAndShaCheck shasum ca8fb3523ddf09aed682df0412cb9bfc0ef2e274
65 verbose addTmpTarball C:\Users\fs\AppData\Local\Temp\npm-7308-f9d76c9b\registry.npmjs.org\node-sqlite3\-\node-sqlite3-0.0.3.tgz not in flight; adding
66 verbose addTmpTarball already have metadata; skipping unpack for node-sqlite3@0.0.3
67 verbose correctMkdir C:\Users\fs\AppData\Roaming\npm-cache correctMkdir not in flight; initializing
68 silly cache afterAdd node-sqlite3@0.0.3
69 verbose afterAdd C:\Users\fs\AppData\Roaming\npm-cache\node-sqlite3\0.0.3\package\package.json not in flight; writing
70 verbose correctMkdir C:\Users\fs\AppData\Roaming\npm-cache correctMkdir not in flight; initializing
71 verbose afterAdd C:\Users\fs\AppData\Roaming\npm-cache\node-sqlite3\0.0.3\package\package.json written
72 silly loadAllDepsIntoIdealTree Finishing
73 silly idealTree:prePrune softtrack@0.0.0
73 silly idealTree:prePrune +-- accepts
73 silly idealTree:prePrune +-- acorn
73 silly idealTree:prePrune +-- acorn-globals
73 silly idealTree:prePrune +-- align-text
73 silly idealTree:prePrune +-- amdefine
73 silly idealTree:prePrune +-- array-flatten
73 silly idealTree:prePrune +-- asap
73 silly idealTree:prePrune +-- async
73 silly idealTree:prePrune +-- basic-auth
73 silly idealTree:prePrune +-- body-parser@1.13.3
73 silly idealTree:prePrune | +-- bytes@2.1.0
73 silly idealTree:prePrune | +-- content-type@1.0.2
73 silly idealTree:prePrune | +-- debug@2.2.0
73 silly idealTree:prePrune | +-- depd@1.0.1
73 silly idealTree:prePrune | +-- ee-first@1.1.1
73 silly idealTree:prePrune | +-- http-errors@1.3.1
73 silly idealTree:prePrune | +-- iconv-lite@0.4.11
73 silly idealTree:prePrune | +-- inherits@2.0.1
73 silly idealTree:prePrune | +-- media-typer@0.3.0
73 silly idealTree:prePrune | +-- mime-db@1.23.0
73 silly idealTree:prePrune | +-- mime-types@2.1.11
73 silly idealTree:prePrune | +-- ms@0.7.1
73 silly idealTree:prePrune | +-- on-finished@2.3.0
73 silly idealTree:prePrune | +-- qs@4.0.0
73 silly idealTree:prePrune | +-- statuses@1.3.0
73 silly idealTree:prePrune | `-- type-is@1.6.13
73 silly idealTree:prePrune +-- bytes
73 silly idealTree:prePrune +-- camelcase
73 silly idealTree:prePrune +-- center-align
73 silly idealTree:prePrune +-- character-parser
73 silly idealTree:prePrune +-- clean-css
73 silly idealTree:prePrune +-- cliui
73 silly idealTree:prePrune +-- commander
73 silly idealTree:prePrune +-- constantinople
73 silly idealTree:prePrune +-- content-disposition
73 silly idealTree:prePrune +-- content-type
73 silly idealTree:prePrune +-- cookie
73 silly idealTree:prePrune +-- cookie-parser@1.3.5
73 silly idealTree:prePrune | +-- cookie-signature@1.0.6
73 silly idealTree:prePrune | `-- cookie@0.1.3
73 silly idealTree:prePrune +-- cookie-signature
73 silly idealTree:prePrune +-- css
73 silly idealTree:prePrune +-- css-parse
73 silly idealTree:prePrune +-- css-stringify
73 silly idealTree:prePrune +-- debug@2.2.0
73 silly idealTree:prePrune | `-- ms@0.7.1
73 silly idealTree:prePrune +-- decamelize
73 silly idealTree:prePrune +-- depd
73 silly idealTree:prePrune +-- destroy
73 silly idealTree:prePrune +-- ee-first
73 silly idealTree:prePrune +-- ejs@2.4.2
73 silly idealTree:prePrune +-- escape-html
73 silly idealTree:prePrune +-- etag
73 silly idealTree:prePrune +-- express@4.13.4
73 silly idealTree:prePrune | +-- accepts@1.2.13
73 silly idealTree:prePrune | +-- array-flatten@1.1.1
73 silly idealTree:prePrune | +-- content-disposition@0.5.1
73 silly idealTree:prePrune | +-- content-type@1.0.2
73 silly idealTree:prePrune | +-- cookie-signature@1.0.6
73 silly idealTree:prePrune | +-- cookie@0.1.5
73 silly idealTree:prePrune | +-- debug@2.2.0
73 silly idealTree:prePrune | +-- depd@1.1.0
73 silly idealTree:prePrune | +-- destroy@1.0.4
73 silly idealTree:prePrune | +-- ee-first@1.1.1
73 silly idealTree:prePrune | +-- escape-html@1.0.3
73 silly idealTree:prePrune | +-- etag@1.7.0
73 silly idealTree:prePrune | +-- finalhandler@0.4.1
73 silly idealTree:prePrune | +-- forwarded@0.1.0
73 silly idealTree:prePrune | +-- fresh@0.3.0
73 silly idealTree:prePrune | +-- http-errors@1.3.1
73 silly idealTree:prePrune | +-- inherits@2.0.1
73 silly idealTree:prePrune | +-- ipaddr.js@1.0.5
73 silly idealTree:prePrune | +-- media-typer@0.3.0
73 silly idealTree:prePrune | +-- merge-descriptors@1.0.1
73 silly idealTree:prePrune | +-- methods@1.1.2
73 silly idealTree:prePrune | +-- mime-db@1.23.0
73 silly idealTree:prePrune | +-- mime-types@2.1.11
73 silly idealTree:prePrune | +-- mime@1.3.4
73 silly idealTree:prePrune | +-- ms@0.7.1
73 silly idealTree:prePrune | +-- negotiator@0.5.3
73 silly idealTree:prePrune | +-- on-finished@2.3.0
73 silly idealTree:prePrune | +-- parseurl@1.3.1
73 silly idealTree:prePrune | +-- path-to-regexp@0.1.7
73 silly idealTree:prePrune | +-- proxy-addr@1.0.10
73 silly idealTree:prePrune | +-- qs@4.0.0
73 silly idealTree:prePrune | +-- range-parser@1.0.3
73 silly idealTree:prePrune | +-- send@0.13.1
73 silly idealTree:prePrune | +-- serve-static@1.10.3
73 silly idealTree:prePrune | | `-- send@0.13.2
73 silly idealTree:prePrune | +-- statuses@1.2.1
73 silly idealTree:prePrune | +-- type-is@1.6.13
73 silly idealTree:prePrune | +-- unpipe@1.0.0
73 silly idealTree:prePrune | +-- utils-merge@1.0.0
73 silly idealTree:prePrune | `-- vary@1.0.1
73 silly idealTree:prePrune +-- finalhandler
73 silly idealTree:prePrune +-- forwarded
73 silly idealTree:prePrune +-- fresh
73 silly idealTree:prePrune +-- graceful-readlink
73 silly idealTree:prePrune +-- http-errors
73 silly idealTree:prePrune +-- iconv-lite
73 silly idealTree:prePrune +-- inherits
73 silly idealTree:prePrune +-- ipaddr.js
73 silly idealTree:prePrune +-- is-buffer
73 silly idealTree:prePrune +-- is-promise
73 silly idealTree:prePrune +-- jade
73 silly idealTree:prePrune +-- jstransformer
73 silly idealTree:prePrune +-- kind-of
73 silly idealTree:prePrune +-- lazy-cache
73 silly idealTree:prePrune +-- longest
73 silly idealTree:prePrune +-- media-typer
73 silly idealTree:prePrune +-- merge-descriptors
73 silly idealTree:prePrune +-- methods
73 silly idealTree:prePrune +-- mime
73 silly idealTree:prePrune +-- mime-db
73 silly idealTree:prePrune +-- mime-types
73 silly idealTree:prePrune +-- minimist
73 silly idealTree:prePrune +-- mkdirp
73 silly idealTree:prePrune +-- morgan@1.6.1
73 silly idealTree:prePrune | +-- basic-auth@1.0.4
73 silly idealTree:prePrune | +-- debug@2.2.0
73 silly idealTree:prePrune | +-- depd@1.0.1
73 silly idealTree:prePrune | +-- ee-first@1.1.1
73 silly idealTree:prePrune | +-- ms@0.7.1
73 silly idealTree:prePrune | +-- on-finished@2.3.0
73 silly idealTree:prePrune | `-- on-headers@1.0.1
73 silly idealTree:prePrune +-- ms
73 silly idealTree:prePrune +-- nan@2.3.5
73 silly idealTree:prePrune +-- negotiator
73 silly idealTree:prePrune +-- node-sqlite3@0.0.3
73 silly idealTree:prePrune +-- on-finished
73 silly idealTree:prePrune +-- on-headers
73 silly idealTree:prePrune +-- optimist
73 silly idealTree:prePrune +-- parseurl
73 silly idealTree:prePrune +-- path-to-regexp
73 silly idealTree:prePrune +-- promise
73 silly idealTree:prePrune +-- proxy-addr
73 silly idealTree:prePrune +-- qs
73 silly idealTree:prePrune +-- range-parser
73 silly idealTree:prePrune +-- raw-body@2.1.6
73 silly idealTree:prePrune | +-- bytes@2.3.0
73 silly idealTree:prePrune | +-- iconv-lite@0.4.13
73 silly idealTree:prePrune | `-- unpipe@1.0.0
73 silly idealTree:prePrune +-- repeat-string
73 silly idealTree:prePrune +-- right-align
73 silly idealTree:prePrune +-- serve-favicon@2.3.0
73 silly idealTree:prePrune | +-- etag@1.7.0
73 silly idealTree:prePrune | +-- fresh@0.3.0
73 silly idealTree:prePrune | +-- ms@0.7.1
73 silly idealTree:prePrune | `-- parseurl@1.3.1
73 silly idealTree:prePrune +-- source-map
73 silly idealTree:prePrune +-- sqlite3@3.1.4
73 silly idealTree:prePrune | +-- abbrev@1.0.7
73 silly idealTree:prePrune | +-- ansi-regex@2.0.0
73 silly idealTree:prePrune | +-- ansi-styles@2.2.1
73 silly idealTree:prePrune | +-- ansi@0.3.1
73 silly idealTree:prePrune | +-- are-we-there-yet@1.1.2
73 silly idealTree:prePrune | +-- asn1@0.2.3
73 silly idealTree:prePrune | +-- assert-plus@0.2.0
73 silly idealTree:prePrune | +-- async@1.5.2
73 silly idealTree:prePrune | +-- aws-sign2@0.6.0
73 silly idealTree:prePrune | +-- aws4@1.4.1
73 silly idealTree:prePrune | +-- balanced-match@0.4.1
73 silly idealTree:prePrune | +-- bl@1.1.2
73 silly idealTree:prePrune | | `-- readable-stream@2.0.6
73 silly idealTree:prePrune | +-- block-stream@0.0.9
73 silly idealTree:prePrune | +-- boom@2.10.1
73 silly idealTree:prePrune | +-- brace-expansion@1.1.4
73 silly idealTree:prePrune | +-- caseless@0.11.0
73 silly idealTree:prePrune | +-- chalk@1.1.3
73 silly idealTree:prePrune | +-- combined-stream@1.0.5
73 silly idealTree:prePrune | +-- commander@2.9.0
73 silly idealTree:prePrune | +-- concat-map@0.0.1
73 silly idealTree:prePrune | +-- core-util-is@1.0.2
73 silly idealTree:prePrune | +-- cryptiles@2.0.5
73 silly idealTree:prePrune | +-- dashdash@1.13.1
73 silly idealTree:prePrune | | `-- assert-plus@1.0.0
73 silly idealTree:prePrune | +-- debug@2.2.0
73 silly idealTree:prePrune | +-- deep-extend@0.4.1
73 silly idealTree:prePrune | +-- delayed-stream@1.0.0
73 silly idealTree:prePrune | +-- delegates@1.0.0
73 silly idealTree:prePrune | +-- ecc-jsbn@0.1.1
73 silly idealTree:prePrune | +-- escape-string-regexp@1.0.5
73 silly idealTree:prePrune | +-- extend@3.0.0
73 silly idealTree:prePrune | +-- extsprintf@1.0.2
73 silly idealTree:prePrune | +-- forever-agent@0.6.1
73 silly idealTree:prePrune | +-- form-data@1.0.0-rc4
73 silly idealTree:prePrune | +-- fstream-ignore@1.0.4
73 silly idealTree:prePrune | +-- fstream@1.0.9
73 silly idealTree:prePrune | +-- gauge@1.2.7
73 silly idealTree:prePrune | +-- generate-function@2.0.0
73 silly idealTree:prePrune | +-- generate-object-property@1.2.0
73 silly idealTree:prePrune | +-- getpass@0.1.6
73 silly idealTree:prePrune | | `-- assert-plus@1.0.0
73 silly idealTree:prePrune | +-- glob@7.0.3
73 silly idealTree:prePrune | +-- graceful-fs@4.1.4
73 silly idealTree:prePrune | +-- graceful-readlink@1.0.1
73 silly idealTree:prePrune | +-- har-validator@2.0.6
73 silly idealTree:prePrune | +-- has-ansi@2.0.0
73 silly idealTree:prePrune | +-- has-unicode@2.0.0
73 silly idealTree:prePrune | +-- hawk@3.1.3
73 silly idealTree:prePrune | +-- hoek@2.16.3
73 silly idealTree:prePrune | +-- http-signature@1.1.1
73 silly idealTree:prePrune | +-- inflight@1.0.4
73 silly idealTree:prePrune | +-- inherits@2.0.1
73 silly idealTree:prePrune | +-- ini@1.3.4
73 silly idealTree:prePrune | +-- is-my-json-valid@2.13.1
73 silly idealTree:prePrune | +-- is-property@1.0.2
73 silly idealTree:prePrune | +-- is-typedarray@1.0.0
73 silly idealTree:prePrune | +-- isarray@1.0.0
73 silly idealTree:prePrune | +-- isstream@0.1.2
73 silly idealTree:prePrune | +-- jodid25519@1.0.2
73 silly idealTree:prePrune | +-- jsbn@0.1.0
73 silly idealTree:prePrune | +-- json-schema@0.2.2
73 silly idealTree:prePrune | +-- json-stringify-safe@5.0.1
73 silly idealTree:prePrune | +-- jsonpointer@2.0.0
73 silly idealTree:prePrune | +-- jsprim@1.2.2
73 silly idealTree:prePrune | +-- lodash._baseslice@4.0.0
73 silly idealTree:prePrune | +-- lodash._basetostring@4.12.0
73 silly idealTree:prePrune | +-- lodash.pad@4.4.0
73 silly idealTree:prePrune | +-- lodash.padend@4.5.0
73 silly idealTree:prePrune | +-- lodash.padstart@4.5.0
73 silly idealTree:prePrune | +-- lodash.tostring@4.1.3
73 silly idealTree:prePrune | +-- mime-db@1.23.0
73 silly idealTree:prePrune | +-- mime-types@2.1.11
73 silly idealTree:prePrune | +-- minimatch@3.0.0
73 silly idealTree:prePrune | +-- minimist@0.0.8
73 silly idealTree:prePrune | +-- mkdirp@0.5.1
73 silly idealTree:prePrune | +-- ms@0.7.1
73 silly idealTree:prePrune | +-- node-pre-gyp@0.6.28
73 silly idealTree:prePrune | +-- node-uuid@1.4.7
73 silly idealTree:prePrune | +-- nopt@3.0.6
73 silly idealTree:prePrune | +-- npmlog@2.0.3
73 silly idealTree:prePrune | +-- oauth-sign@0.8.2
73 silly idealTree:prePrune | +-- once@1.3.3
73 silly idealTree:prePrune | +-- path-is-absolute@1.0.0
73 silly idealTree:prePrune | +-- pinkie-promise@2.0.1
73 silly idealTree:prePrune | +-- pinkie@2.0.4
73 silly idealTree:prePrune | +-- process-nextick-args@1.0.7
73 silly idealTree:prePrune | +-- qs@6.1.0
73 silly idealTree:prePrune | +-- rc@1.1.6
73 silly idealTree:prePrune | | `-- minimist@1.2.0
73 silly idealTree:prePrune | +-- readable-stream@2.1.2
73 silly idealTree:prePrune | +-- request@2.72.0
73 silly idealTree:prePrune | +-- rimraf@2.5.2
73 silly idealTree:prePrune | +-- semver@5.1.0
73 silly idealTree:prePrune | +-- sntp@1.0.9
73 silly idealTree:prePrune | +-- sshpk@1.8.3
73 silly idealTree:prePrune | | `-- assert-plus@1.0.0
73 silly idealTree:prePrune | +-- string_decoder@0.10.31
73 silly idealTree:prePrune | +-- stringstream@0.0.5
73 silly idealTree:prePrune | +-- strip-ansi@3.0.1
73 silly idealTree:prePrune | +-- strip-json-comments@1.0.4
73 silly idealTree:prePrune | +-- supports-color@2.0.0
73 silly idealTree:prePrune | +-- tar-pack@3.1.3
73 silly idealTree:prePrune | | `-- readable-stream@2.0.6
73 silly idealTree:prePrune | +-- tar@2.2.1
73 silly idealTree:prePrune | +-- tough-cookie@2.2.2
73 silly idealTree:prePrune | +-- tunnel-agent@0.4.3
73 silly idealTree:prePrune | +-- tweetnacl@0.13.3
73 silly idealTree:prePrune | +-- uid-number@0.0.6
73 silly idealTree:prePrune | +-- util-deprecate@1.0.2
73 silly idealTree:prePrune | +-- verror@1.3.6
73 silly idealTree:prePrune | +-- wrappy@1.0.1
73 silly idealTree:prePrune | `-- xtend@4.0.1
73 silly idealTree:prePrune +-- statuses
73 silly idealTree:prePrune +-- transformers
73 silly idealTree:prePrune +-- type-is
73 silly idealTree:prePrune +-- uglify-js
73 silly idealTree:prePrune +-- uglify-to-browserify
73 silly idealTree:prePrune +-- unpipe
73 silly idealTree:prePrune +-- utils-merge
73 silly idealTree:prePrune +-- vary
73 silly idealTree:prePrune +-- void-elements
73 silly idealTree:prePrune +-- window-size
73 silly idealTree:prePrune +-- with
73 silly idealTree:prePrune +-- wordwrap
73 silly idealTree:prePrune `-- yargs
74 silly loadIdealTree Finishing
75 silly currentTree softtrack@0.0.0
75 silly currentTree +-- accepts
75 silly currentTree +-- acorn
75 silly currentTree +-- acorn-globals
75 silly currentTree +-- align-text
75 silly currentTree +-- amdefine
75 silly currentTree +-- array-flatten
75 silly currentTree +-- asap
75 silly currentTree +-- async
75 silly currentTree +-- basic-auth
75 silly currentTree +-- body-parser@1.13.3
75 silly currentTree | +-- bytes@2.1.0
75 silly currentTree | +-- content-type@1.0.2
75 silly currentTree | +-- debug@2.2.0
75 silly currentTree | +-- depd@1.0.1
75 silly currentTree | +-- ee-first@1.1.1
75 silly currentTree | +-- http-errors@1.3.1
75 silly currentTree | +-- iconv-lite@0.4.11
75 silly currentTree | +-- inherits@2.0.1
75 silly currentTree | +-- media-typer@0.3.0
75 silly currentTree | +-- mime-db@1.23.0
75 silly currentTree | +-- mime-types@2.1.11
75 silly currentTree | +-- ms@0.7.1
75 silly currentTree | +-- on-finished@2.3.0
75 silly currentTree | +-- qs@4.0.0
75 silly currentTree | +-- statuses@1.3.0
75 silly currentTree | `-- type-is@1.6.13
75 silly currentTree +-- bytes
75 silly currentTree +-- camelcase
75 silly currentTree +-- center-align
75 silly currentTree +-- character-parser
75 silly currentTree +-- clean-css
75 silly currentTree +-- cliui
75 silly currentTree +-- commander
75 silly currentTree +-- constantinople
75 silly currentTree +-- content-disposition
75 silly currentTree +-- content-type
75 silly currentTree +-- cookie
75 silly currentTree +-- cookie-parser@1.3.5
75 silly currentTree | +-- cookie-signature@1.0.6
75 silly currentTree | `-- cookie@0.1.3
75 silly currentTree +-- cookie-signature
75 silly currentTree +-- css
75 silly currentTree +-- css-parse
75 silly currentTree +-- css-stringify
75 silly currentTree +-- debug@2.2.0
75 silly currentTree | `-- ms@0.7.1
75 silly currentTree +-- decamelize
75 silly currentTree +-- depd
75 silly currentTree +-- destroy
75 silly currentTree +-- ee-first
75 silly currentTree +-- ejs@2.4.2
75 silly currentTree +-- escape-html
75 silly currentTree +-- etag
75 silly currentTree +-- express@4.13.4
75 silly currentTree | +-- accepts@1.2.13
75 silly currentTree | +-- array-flatten@1.1.1
75 silly currentTree | +-- content-disposition@0.5.1
75 silly currentTree | +-- content-type@1.0.2
75 silly currentTree | +-- cookie-signature@1.0.6
75 silly currentTree | +-- cookie@0.1.5
75 silly currentTree | +-- debug@2.2.0
75 silly currentTree | +-- depd@1.1.0
75 silly currentTree | +-- destroy@1.0.4
75 silly currentTree | +-- ee-first@1.1.1
75 silly currentTree | +-- escape-html@1.0.3
75 silly currentTree | +-- etag@1.7.0
75 silly currentTree | +-- finalhandler@0.4.1
75 silly currentTree | +-- forwarded@0.1.0
75 silly currentTree | +-- fresh@0.3.0
75 silly currentTree | +-- http-errors@1.3.1
75 silly currentTree | +-- inherits@2.0.1
75 silly currentTree | +-- ipaddr.js@1.0.5
75 silly currentTree | +-- media-typer@0.3.0
75 silly currentTree | +-- merge-descriptors@1.0.1
75 silly currentTree | +-- methods@1.1.2
75 silly currentTree | +-- mime-db@1.23.0
75 silly currentTree | +-- mime-types@2.1.11
75 silly currentTree | +-- mime@1.3.4
75 silly currentTree | +-- ms@0.7.1
75 silly currentTree | +-- negotiator@0.5.3
75 silly currentTree | +-- on-finished@2.3.0
75 silly currentTree | +-- parseurl@1.3.1
75 silly currentTree | +-- path-to-regexp@0.1.7
75 silly currentTree | +-- proxy-addr@1.0.10
75 silly currentTree | +-- qs@4.0.0
75 silly currentTree | +-- range-parser@1.0.3
75 silly currentTree | +-- send@0.13.1
75 silly currentTree | +-- serve-static@1.10.3
75 silly currentTree | | `-- send@0.13.2
75 silly currentTree | +-- statuses@1.2.1
75 silly currentTree | +-- type-is@1.6.13
75 silly currentTree | +-- unpipe@1.0.0
75 silly currentTree | +-- utils-merge@1.0.0
75 silly currentTree | `-- vary@1.0.1
75 silly currentTree +-- finalhandler
75 silly currentTree +-- forwarded
75 silly currentTree +-- fresh
75 silly currentTree +-- graceful-readlink
75 silly currentTree +-- http-errors
75 silly currentTree +-- iconv-lite
75 silly currentTree +-- inherits
75 silly currentTree +-- ipaddr.js
75 silly currentTree +-- is-buffer
75 silly currentTree +-- is-promise
75 silly currentTree +-- jade
75 silly currentTree +-- jstransformer
75 silly currentTree +-- kind-of
75 silly currentTree +-- lazy-cache
75 silly currentTree +-- longest
75 silly currentTree +-- media-typer
75 silly currentTree +-- merge-descriptors
75 silly currentTree +-- methods
75 silly currentTree +-- mime
75 silly currentTree +-- mime-db
75 silly currentTree +-- mime-types
75 silly currentTree +-- minimist
75 silly currentTree +-- mkdirp
75 silly currentTree +-- morgan@1.6.1
75 silly currentTree | +-- basic-auth@1.0.4
75 silly currentTree | +-- debug@2.2.0
75 silly currentTree | +-- depd@1.0.1
75 silly currentTree | +-- ee-first@1.1.1
75 silly currentTree | +-- ms@0.7.1
75 silly currentTree | +-- on-finished@2.3.0
75 silly currentTree | `-- on-headers@1.0.1
75 silly currentTree +-- ms
75 silly currentTree +-- nan@2.3.5
75 silly currentTree +-- negotiator
75 silly currentTree +-- on-finished
75 silly currentTree +-- on-headers
75 silly currentTree +-- optimist
75 silly currentTree +-- parseurl
75 silly currentTree +-- path-to-regexp
75 silly currentTree +-- promise
75 silly currentTree +-- proxy-addr
75 silly currentTree +-- qs
75 silly currentTree +-- range-parser
75 silly currentTree +-- raw-body@2.1.6
75 silly currentTree | +-- bytes@2.3.0
75 silly currentTree | +-- iconv-lite@0.4.13
75 silly currentTree | `-- unpipe@1.0.0
75 silly currentTree +-- repeat-string
75 silly currentTree +-- right-align
75 silly currentTree +-- serve-favicon@2.3.0
75 silly currentTree | +-- etag@1.7.0
75 silly currentTree | +-- fresh@0.3.0
75 silly currentTree | +-- ms@0.7.1
75 silly currentTree | `-- parseurl@1.3.1
75 silly currentTree +-- source-map
75 silly currentTree +-- sqlite3@3.1.4
75 silly currentTree | +-- abbrev@1.0.7
75 silly currentTree | +-- ansi-regex@2.0.0
75 silly currentTree | +-- ansi-styles@2.2.1
75 silly currentTree | +-- ansi@0.3.1
75 silly currentTree | +-- are-we-there-yet@1.1.2
75 silly currentTree | +-- asn1@0.2.3
75 silly currentTree | +-- assert-plus@0.2.0
75 silly currentTree | +-- async@1.5.2
75 silly currentTree | +-- aws-sign2@0.6.0
75 silly currentTree | +-- aws4@1.4.1
75 silly currentTree | +-- balanced-match@0.4.1
75 silly currentTree | +-- bl@1.1.2
75 silly currentTree | | `-- readable-stream@2.0.6
75 silly currentTree | +-- block-stream@0.0.9
75 silly currentTree | +-- boom@2.10.1
75 silly currentTree | +-- brace-expansion@1.1.4
75 silly currentTree | +-- caseless@0.11.0
75 silly currentTree | +-- chalk@1.1.3
75 silly currentTree | +-- combined-stream@1.0.5
75 silly currentTree | +-- commander@2.9.0
75 silly currentTree | +-- concat-map@0.0.1
75 silly currentTree | +-- core-util-is@1.0.2
75 silly currentTree | +-- cryptiles@2.0.5
75 silly currentTree | +-- dashdash@1.13.1
75 silly currentTree | | `-- assert-plus@1.0.0
75 silly currentTree | +-- debug@2.2.0
75 silly currentTree | +-- deep-extend@0.4.1
75 silly currentTree | +-- delayed-stream@1.0.0
75 silly currentTree | +-- delegates@1.0.0
75 silly currentTree | +-- ecc-jsbn@0.1.1
75 silly currentTree | +-- escape-string-regexp@1.0.5
75 silly currentTree | +-- extend@3.0.0
75 silly currentTree | +-- extsprintf@1.0.2
75 silly currentTree | +-- forever-agent@0.6.1
75 silly currentTree | +-- form-data@1.0.0-rc4
75 silly currentTree | +-- fstream-ignore@1.0.4
75 silly currentTree | +-- fstream@1.0.9
75 silly currentTree | +-- gauge@1.2.7
75 silly currentTree | +-- generate-function@2.0.0
75 silly currentTree | +-- generate-object-property@1.2.0
75 silly currentTree | +-- getpass@0.1.6
75 silly currentTree | | `-- assert-plus@1.0.0
75 silly currentTree | +-- glob@7.0.3
75 silly currentTree | +-- graceful-fs@4.1.4
75 silly currentTree | +-- graceful-readlink@1.0.1
75 silly currentTree | +-- har-validator@2.0.6
75 silly currentTree | +-- has-ansi@2.0.0
75 silly currentTree | +-- has-unicode@2.0.0
75 silly currentTree | +-- hawk@3.1.3
75 silly currentTree | +-- hoek@2.16.3
75 silly currentTree | +-- http-signature@1.1.1
75 silly currentTree | +-- inflight@1.0.4
75 silly currentTree | +-- inherits@2.0.1
75 silly currentTree | +-- ini@1.3.4
75 silly currentTree | +-- is-my-json-valid@2.13.1
75 silly currentTree | +-- is-property@1.0.2
75 silly currentTree | +-- is-typedarray@1.0.0
75 silly currentTree | +-- isarray@1.0.0
75 silly currentTree | +-- isstream@0.1.2
75 silly currentTree | +-- jodid25519@1.0.2
75 silly currentTree | +-- jsbn@0.1.0
75 silly currentTree | +-- json-schema@0.2.2
75 silly currentTree | +-- json-stringify-safe@5.0.1
75 silly currentTree | +-- jsonpointer@2.0.0
75 silly currentTree | +-- jsprim@1.2.2
75 silly currentTree | +-- lodash._baseslice@4.0.0
75 silly currentTree | +-- lodash._basetostring@4.12.0
75 silly currentTree | +-- lodash.pad@4.4.0
75 silly currentTree | +-- lodash.padend@4.5.0
75 silly currentTree | +-- lodash.padstart@4.5.0
75 silly currentTree | +-- lodash.tostring@4.1.3
75 silly currentTree | +-- mime-db@1.23.0
75 silly currentTree | +-- mime-types@2.1.11
75 silly currentTree | +-- minimatch@3.0.0
75 silly currentTree | +-- minimist@0.0.8
75 silly currentTree | +-- mkdirp@0.5.1
75 silly currentTree | +-- ms@0.7.1
75 silly currentTree | +-- node-pre-gyp@0.6.28
75 silly currentTree | +-- node-uuid@1.4.7
75 silly currentTree | +-- nopt@3.0.6
75 silly currentTree | +-- npmlog@2.0.3
75 silly currentTree | +-- oauth-sign@0.8.2
75 silly currentTree | +-- once@1.3.3
75 silly currentTree | +-- path-is-absolute@1.0.0
75 silly currentTree | +-- pinkie-promise@2.0.1
75 silly currentTree | +-- pinkie@2.0.4
75 silly currentTree | +-- process-nextick-args@1.0.7
75 silly currentTree | +-- qs@6.1.0
75 silly currentTree | +-- rc@1.1.6
75 silly currentTree | | `-- minimist@1.2.0
75 silly currentTree | +-- readable-stream@2.1.2
75 silly currentTree | +-- request@2.72.0
75 silly currentTree | +-- rimraf@2.5.2
75 silly currentTree | +-- semver@5.1.0
75 silly currentTree | +-- sntp@1.0.9
75 silly currentTree | +-- sshpk@1.8.3
75 silly currentTree | | `-- assert-plus@1.0.0
75 silly currentTree | +-- string_decoder@0.10.31
75 silly currentTree | +-- stringstream@0.0.5
75 silly currentTree | +-- strip-ansi@3.0.1
75 silly currentTree | +-- strip-json-comments@1.0.4
75 silly currentTree | +-- supports-color@2.0.0
75 silly currentTree | +-- tar-pack@3.1.3
75 silly currentTree | | `-- readable-stream@2.0.6
75 silly currentTree | +-- tar@2.2.1
75 silly currentTree | +-- tough-cookie@2.2.2
75 silly currentTree | +-- tunnel-agent@0.4.3
75 silly currentTree | +-- tweetnacl@0.13.3
75 silly currentTree | +-- uid-number@0.0.6
75 silly currentTree | +-- util-deprecate@1.0.2
75 silly currentTree | +-- verror@1.3.6
75 silly currentTree | +-- wrappy@1.0.1
75 silly currentTree | `-- xtend@4.0.1
75 silly currentTree +-- statuses
75 silly currentTree +-- transformers
75 silly currentTree +-- type-is
75 silly currentTree +-- uglify-js
75 silly currentTree +-- uglify-to-browserify
75 silly currentTree +-- unpipe
75 silly currentTree +-- utils-merge
75 silly currentTree +-- vary
75 silly currentTree +-- void-elements
75 silly currentTree +-- window-size
75 silly currentTree +-- with
75 silly currentTree +-- wordwrap
75 silly currentTree `-- yargs
76 silly idealTree softtrack@0.0.0
76 silly idealTree +-- accepts
76 silly idealTree +-- acorn
76 silly idealTree +-- acorn-globals
76 silly idealTree +-- align-text
76 silly idealTree +-- amdefine
76 silly idealTree +-- array-flatten
76 silly idealTree +-- asap
76 silly idealTree +-- async
76 silly idealTree +-- basic-auth
76 silly idealTree +-- body-parser@1.13.3
76 silly idealTree | +-- bytes@2.1.0
76 silly idealTree | +-- content-type@1.0.2
76 silly idealTree | +-- debug@2.2.0
76 silly idealTree | +-- depd@1.0.1
76 silly idealTree | +-- ee-first@1.1.1
76 silly idealTree | +-- http-errors@1.3.1
76 silly idealTree | +-- iconv-lite@0.4.11
76 silly idealTree | +-- inherits@2.0.1
76 silly idealTree | +-- media-typer@0.3.0
76 silly idealTree | +-- mime-db@1.23.0
76 silly idealTree | +-- mime-types@2.1.11
76 silly idealTree | +-- ms@0.7.1
76 silly idealTree | +-- on-finished@2.3.0
76 silly idealTree | +-- qs@4.0.0
76 silly idealTree | +-- statuses@1.3.0
76 silly idealTree | `-- type-is@1.6.13
76 silly idealTree +-- bytes
76 silly idealTree +-- camelcase
76 silly idealTree +-- center-align
76 silly idealTree +-- character-parser
76 silly idealTree +-- clean-css
76 silly idealTree +-- cliui
76 silly idealTree +-- commander
76 silly idealTree +-- constantinople
76 silly idealTree +-- content-disposition
76 silly idealTree +-- content-type
76 silly idealTree +-- cookie
76 silly idealTree +-- cookie-parser@1.3.5
76 silly idealTree | +-- cookie-signature@1.0.6
76 silly idealTree | `-- cookie@0.1.3
76 silly idealTree +-- cookie-signature
76 silly idealTree +-- css
76 silly idealTree +-- css-parse
76 silly idealTree +-- css-stringify
76 silly idealTree +-- debug@2.2.0
76 silly idealTree | `-- ms@0.7.1
76 silly idealTree +-- decamelize
76 silly idealTree +-- depd
76 silly idealTree +-- destroy
76 silly idealTree +-- ee-first
76 silly idealTree +-- ejs@2.4.2
76 silly idealTree +-- escape-html
76 silly idealTree +-- etag
76 silly idealTree +-- express@4.13.4
76 silly idealTree | +-- accepts@1.2.13
76 silly idealTree | +-- array-flatten@1.1.1
76 silly idealTree | +-- content-disposition@0.5.1
76 silly idealTree | +-- content-type@1.0.2
76 silly idealTree | +-- cookie-signature@1.0.6
76 silly idealTree | +-- cookie@0.1.5
76 silly idealTree | +-- debug@2.2.0
76 silly idealTree | +-- depd@1.1.0
76 silly idealTree | +-- destroy@1.0.4
76 silly idealTree | +-- ee-first@1.1.1
76 silly idealTree | +-- escape-html@1.0.3
76 silly idealTree | +-- etag@1.7.0
76 silly idealTree | +-- finalhandler@0.4.1
76 silly idealTree | +-- forwarded@0.1.0
76 silly idealTree | +-- fresh@0.3.0
76 silly idealTree | +-- http-errors@1.3.1
76 silly idealTree | +-- inherits@2.0.1
76 silly idealTree | +-- ipaddr.js@1.0.5
76 silly idealTree | +-- media-typer@0.3.0
76 silly idealTree | +-- merge-descriptors@1.0.1
76 silly idealTree | +-- methods@1.1.2
76 silly idealTree | +-- mime-db@1.23.0
76 silly idealTree | +-- mime-types@2.1.11
76 silly idealTree | +-- mime@1.3.4
76 silly idealTree | +-- ms@0.7.1
76 silly idealTree | +-- negotiator@0.5.3
76 silly idealTree | +-- on-finished@2.3.0
76 silly idealTree | +-- parseurl@1.3.1
76 silly idealTree | +-- path-to-regexp@0.1.7
76 silly idealTree | +-- proxy-addr@1.0.10
76 silly idealTree | +-- qs@4.0.0
76 silly idealTree | +-- range-parser@1.0.3
76 silly idealTree | +-- send@0.13.1
76 silly idealTree | +-- serve-static@1.10.3
76 silly idealTree | | `-- send@0.13.2
76 silly idealTree | +-- statuses@1.2.1
76 silly idealTree | +-- type-is@1.6.13
76 silly idealTree | +-- unpipe@1.0.0
76 silly idealTree | +-- utils-merge@1.0.0
76 silly idealTree | `-- vary@1.0.1
76 silly idealTree +-- finalhandler
76 silly idealTree +-- forwarded
76 silly idealTree +-- fresh
76 silly idealTree +-- graceful-readlink
76 silly idealTree +-- http-errors
76 silly idealTree +-- iconv-lite
76 silly idealTree +-- inherits
76 silly idealTree +-- ipaddr.js
76 silly idealTree +-- is-buffer
76 silly idealTree +-- is-promise
76 silly idealTree +-- jade
76 silly idealTree +-- jstransformer
76 silly idealTree +-- kind-of
76 silly idealTree +-- lazy-cache
76 silly idealTree +-- longest
76 silly idealTree +-- media-typer
76 silly idealTree +-- merge-descriptors
76 silly idealTree +-- methods
76 silly idealTree +-- mime
76 silly idealTree +-- mime-db
76 silly idealTree +-- mime-types
76 silly idealTree +-- minimist
76 silly idealTree +-- mkdirp
76 silly idealTree +-- morgan@1.6.1
76 silly idealTree | +-- basic-auth@1.0.4
76 silly idealTree | +-- debug@2.2.0
76 silly idealTree | +-- depd@1.0.1
76 silly idealTree | +-- ee-first@1.1.1
76 silly idealTree | +-- ms@0.7.1
76 silly idealTree | +-- on-finished@2.3.0
76 silly idealTree | `-- on-headers@1.0.1
76 silly idealTree +-- ms
76 silly idealTree +-- nan@2.3.5
76 silly idealTree +-- negotiator
76 silly idealTree +-- node-sqlite3@0.0.3
76 silly idealTree +-- on-finished
76 silly idealTree +-- on-headers
76 silly idealTree +-- optimist
76 silly idealTree +-- parseurl
76 silly idealTree +-- path-to-regexp
76 silly idealTree +-- promise
76 silly idealTree +-- proxy-addr
76 silly idealTree +-- qs
76 silly idealTree +-- range-parser
76 silly idealTree +-- raw-body@2.1.6
76 silly idealTree | +-- bytes@2.3.0
76 silly idealTree | +-- iconv-lite@0.4.13
76 silly idealTree | `-- unpipe@1.0.0
76 silly idealTree +-- repeat-string
76 silly idealTree +-- right-align
76 silly idealTree +-- serve-favicon@2.3.0
76 silly idealTree | +-- etag@1.7.0
76 silly idealTree | +-- fresh@0.3.0
76 silly idealTree | +-- ms@0.7.1
76 silly idealTree | `-- parseurl@1.3.1
76 silly idealTree +-- source-map
76 silly idealTree +-- sqlite3@3.1.4
76 silly idealTree | +-- abbrev@1.0.7
76 silly idealTree | +-- ansi-regex@2.0.0
76 silly idealTree | +-- ansi-styles@2.2.1
76 silly idealTree | +-- ansi@0.3.1
76 silly idealTree | +-- are-we-there-yet@1.1.2
76 silly idealTree | +-- asn1@0.2.3
76 silly idealTree | +-- assert-plus@0.2.0
76 silly idealTree | +-- async@1.5.2
76 silly idealTree | +-- aws-sign2@0.6.0
76 silly idealTree | +-- aws4@1.4.1
76 silly idealTree | +-- balanced-match@0.4.1
76 silly idealTree | +-- bl@1.1.2
76 silly idealTree | | `-- readable-stream@2.0.6
76 silly idealTree | +-- block-stream@0.0.9
76 silly idealTree | +-- boom@2.10.1
76 silly idealTree | +-- brace-expansion@1.1.4
76 silly idealTree | +-- caseless@0.11.0
76 silly idealTree | +-- chalk@1.1.3
76 silly idealTree | +-- combined-stream@1.0.5
76 silly idealTree | +-- commander@2.9.0
76 silly idealTree | +-- concat-map@0.0.1
76 silly idealTree | +-- core-util-is@1.0.2
76 silly idealTree | +-- cryptiles@2.0.5
76 silly idealTree | +-- dashdash@1.13.1
76 silly idealTree | | `-- assert-plus@1.0.0
76 silly idealTree | +-- debug@2.2.0
76 silly idealTree | +-- deep-extend@0.4.1
76 silly idealTree | +-- delayed-stream@1.0.0
76 silly idealTree | +-- delegates@1.0.0
76 silly idealTree | +-- ecc-jsbn@0.1.1
76 silly idealTree | +-- escape-string-regexp@1.0.5
76 silly idealTree | +-- extend@3.0.0
76 silly idealTree | +-- extsprintf@1.0.2
76 silly idealTree | +-- forever-agent@0.6.1
76 silly idealTree | +-- form-data@1.0.0-rc4
76 silly idealTree | +-- fstream-ignore@1.0.4
76 silly idealTree | +-- fstream@1.0.9
76 silly idealTree | +-- gauge@1.2.7
76 silly idealTree | +-- generate-function@2.0.0
76 silly idealTree | +-- generate-object-property@1.2.0
76 silly idealTree | +-- getpass@0.1.6
76 silly idealTree | | `-- assert-plus@1.0.0
76 silly idealTree | +-- glob@7.0.3
76 silly idealTree | +-- graceful-fs@4.1.4
76 silly idealTree | +-- graceful-readlink@1.0.1
76 silly idealTree | +-- har-validator@2.0.6
76 silly idealTree | +-- has-ansi@2.0.0
76 silly idealTree | +-- has-unicode@2.0.0
76 silly idealTree | +-- hawk@3.1.3
76 silly idealTree | +-- hoek@2.16.3
76 silly idealTree | +-- http-signature@1.1.1
76 silly idealTree | +-- inflight@1.0.4
76 silly idealTree | +-- inherits@2.0.1
76 silly idealTree | +-- ini@1.3.4
76 silly idealTree | +-- is-my-json-valid@2.13.1
76 silly idealTree | +-- is-property@1.0.2
76 silly idealTree | +-- is-typedarray@1.0.0
76 silly idealTree | +-- isarray@1.0.0
76 silly idealTree | +-- isstream@0.1.2
76 silly idealTree | +-- jodid25519@1.0.2
76 silly idealTree | +-- jsbn@0.1.0
76 silly idealTree | +-- json-schema@0.2.2
76 silly idealTree | +-- json-stringify-safe@5.0.1
76 silly idealTree | +-- jsonpointer@2.0.0
76 silly idealTree | +-- jsprim@1.2.2
76 silly idealTree | +-- lodash._baseslice@4.0.0
76 silly idealTree | +-- lodash._basetostring@4.12.0
76 silly idealTree | +-- lodash.pad@4.4.0
76 silly idealTree | +-- lodash.padend@4.5.0
76 silly idealTree | +-- lodash.padstart@4.5.0
76 silly idealTree | +-- lodash.tostring@4.1.3
76 silly idealTree | +-- mime-db@1.23.0
76 silly idealTree | +-- mime-types@2.1.11
76 silly idealTree | +-- minimatch@3.0.0
76 silly idealTree | +-- minimist@0.0.8
76 silly idealTree | +-- mkdirp@0.5.1
76 silly idealTree | +-- ms@0.7.1
76 silly idealTree | +-- node-pre-gyp@0.6.28
76 silly idealTree | +-- node-uuid@1.4.7
76 silly idealTree | +-- nopt@3.0.6
76 silly idealTree | +-- npmlog@2.0.3
76 silly idealTree | +-- oauth-sign@0.8.2
76 silly idealTree | +-- once@1.3.3
76 silly idealTree | +-- path-is-absolute@1.0.0
76 silly idealTree | +-- pinkie-promise@2.0.1
76 silly idealTree | +-- pinkie@2.0.4
76 silly idealTree | +-- process-nextick-args@1.0.7
76 silly idealTree | +-- qs@6.1.0
76 silly idealTree | +-- rc@1.1.6
76 silly idealTree | | `-- minimist@1.2.0
76 silly idealTree | +-- readable-stream@2.1.2
76 silly idealTree | +-- request@2.72.0
76 silly idealTree | +-- rimraf@2.5.2
76 silly idealTree | +-- semver@5.1.0
76 silly idealTree | +-- sntp@1.0.9
76 silly idealTree | +-- sshpk@1.8.3
76 silly idealTree | | `-- assert-plus@1.0.0
76 silly idealTree | +-- string_decoder@0.10.31
76 silly idealTree | +-- stringstream@0.0.5
76 silly idealTree | +-- strip-ansi@3.0.1
76 silly idealTree | +-- strip-json-comments@1.0.4
76 silly idealTree | +-- supports-color@2.0.0
76 silly idealTree | +-- tar-pack@3.1.3
76 silly idealTree | | `-- readable-stream@2.0.6
76 silly idealTree | +-- tar@2.2.1
76 silly idealTree | +-- tough-cookie@2.2.2
76 silly idealTree | +-- tunnel-agent@0.4.3
76 silly idealTree | +-- tweetnacl@0.13.3
76 silly idealTree | +-- uid-number@0.0.6
76 silly idealTree | +-- util-deprecate@1.0.2
76 silly idealTree | +-- verror@1.3.6
76 silly idealTree | +-- wrappy@1.0.1
76 silly idealTree | `-- xtend@4.0.1
76 silly idealTree +-- statuses
76 silly idealTree +-- transformers
76 silly idealTree +-- type-is
76 silly idealTree +-- uglify-js
76 silly idealTree +-- uglify-to-browserify
76 silly idealTree +-- unpipe
76 silly idealTree +-- utils-merge
76 silly idealTree +-- vary
76 silly idealTree +-- void-elements
76 silly idealTree +-- window-size
76 silly idealTree +-- with
76 silly idealTree +-- wordwrap
76 silly idealTree `-- yargs
77 silly generateActionsToTake Starting
78 silly install generateActionsToTake
79 silly generateActionsToTake Finishing
80 silly diffTrees action count 1
81 silly diffTrees add node-sqlite3@0.0.3
82 silly decomposeActions action count 8
83 silly decomposeActions fetch node-sqlite3@0.0.3
84 silly decomposeActions extract node-sqlite3@0.0.3
85 silly decomposeActions test node-sqlite3@0.0.3
86 silly decomposeActions preinstall node-sqlite3@0.0.3
87 silly decomposeActions build node-sqlite3@0.0.3
88 silly decomposeActions install node-sqlite3@0.0.3
89 silly decomposeActions postinstall node-sqlite3@0.0.3
90 silly decomposeActions finalize node-sqlite3@0.0.3
91 silly executeActions Starting
92 silly install executeActions
93 silly doSerial global-install 0
94 silly doParallel fetch 1
95 verbose correctMkdir C:\Users\fs\AppData\Roaming\npm-cache\_locks correctMkdir not in flight; initializing
96 verbose lock using C:\Users\fs\AppData\Roaming\npm-cache\_locks\staging-a37b112c17140297.lock for C:\dev\mgit\softtrack\node_modules\.staging
97 silly doParallel extract 1
98 silly extract node-sqlite3@0.0.3
99 verbose unbuild node_modules\.staging\node-sqlite3-e91f6467
100 silly gentlyRm C:\dev\mgit\softtrack\node_modules\.staging\node-sqlite3-e91f6467 is being purged from base C:\dev\mgit\softtrack
101 verbose gentlyRm don't care about contents; nuking C:\dev\mgit\softtrack\node_modules\.staging\node-sqlite3-e91f6467
102 verbose tar unpack C:\Users\fs\AppData\Roaming\npm-cache\node-sqlite3\0.0.3\package.tgz
103 verbose tar unpacking to C:\dev\mgit\softtrack\node_modules\.staging\node-sqlite3-e91f6467
104 silly gentlyRm C:\dev\mgit\softtrack\node_modules\.staging\node-sqlite3-e91f6467 is being purged
105 verbose gentlyRm don't care about contents; nuking C:\dev\mgit\softtrack\node_modules\.staging\node-sqlite3-e91f6467
106 silly gunzTarPerm modes [ '777', '666' ]
107 silly gunzTarPerm extractEntry package.json
108 silly gunzTarPerm extractEntry README.md
109 silly gunzTarPerm extractEntry index.js
110 silly gunzTarPerm extractEntry binding.gyp
111 silly gunzTarPerm extractEntry lib/connection.js
112 silly gunzTarPerm extractEntry lib/node-sqlite.js
113 silly gunzTarPerm extractEntry lib/statment.js
114 silly gunzTarPerm extractEntry src/nodejs/Sqlite3Client.cpp
115 silly gunzTarPerm extractEntry src/nodejs/ConnJob.h
116 silly gunzTarPerm extractEntry src/nodejs/NodeFunction.cpp
117 silly gunzTarPerm extractEntry src/nodejs/NodeFunction.h
118 silly gunzTarPerm extractEntry src/nodejs/QueryJob.cc
119 silly gunzTarPerm extractEntry src/nodejs/QueryJob.h
120 silly gunzTarPerm extractEntry src/nodejs/ExcuteJob.h
121 silly gunzTarPerm extractEntry src/nodejs/Sqlite3Client.h
122 silly gunzTarPerm extractEntry src/nodejs/Sqlite3Connection.cpp
123 silly gunzTarPerm extractEntry src/nodejs/Sqlite3Connection.h
124 silly gunzTarPerm extractEntry src/nodejs/Statement.cpp
125 silly gunzTarPerm extractEntry src/nodejs/Statement.h
126 silly gunzTarPerm extractEntry src/sqlite3_encrypt/DbSqlite.cpp
127 silly gunzTarPerm extractEntry src/sqlite3_encrypt/DbSqlite.h
128 silly gunzTarPerm extractEntry src/sqlite3_encrypt/platform_config.h
129 silly gunzTarPerm extractEntry src/sqlite3_encrypt/sqlite3/rijndael.h
130 silly gunzTarPerm extractEntry src/sqlite3_encrypt/sqlite3/codec.c
131 silly gunzTarPerm extractEntry src/sqlite3_encrypt/sqlite3/codecext.c
132 silly gunzTarPerm extractEntry src/sqlite3_encrypt/sqlite3/crypt.c
133 silly gunzTarPerm extractEntry src/sqlite3_encrypt/sqlite3/crypt.h
134 silly gunzTarPerm extractEntry src/sqlite3_encrypt/sqlite3/rijndael.c
135 silly gunzTarPerm extractEntry src/sqlite3_encrypt/sqlite3/codec.h
136 silly gunzTarPerm extractEntry src/sqlite3_encrypt/sqlite3/sha2.c
137 silly gunzTarPerm extractEntry src/sqlite3_encrypt/sqlite3/sha2.h
138 silly gunzTarPerm extractEntry src/sqlite3_encrypt/sqlite3/sqlite3.c
139 silly gunzTarPerm extractEntry src/sqlite3_encrypt/sqlite3/sqlite3.h
140 silly gunzTarPerm extractEntry src/sqlite3_encrypt/sqlite3/sqlite3ext.h
141 silly gunzTarPerm extractEntry src/sqlite3_encrypt/sqlite3/sqlite3secure.c
142 silly gunzTarPerm extractEntry src/sqlite3_encrypt/sqlite3_def.h
143 silly gunzTarPerm extractEntry src/third_party/CodingConv/encodeutil.cpp
144 silly gunzTarPerm extractEntry src/third_party/CodingConv/encodeutil.h
145 silly gunzTarPerm extractEntry test/excute.js
146 silly gunzTarPerm extractEntry test/jiami.js
147 silly gunzTarPerm extractEntry test/query.js
148 silly gunzTarPerm extractEntry test/tran.js
149 silly gentlyRm C:\dev\mgit\softtrack\node_modules\.staging\node-sqlite3-e91f6467\node_modules is being purged
150 verbose gentlyRm don't care about contents; nuking C:\dev\mgit\softtrack\node_modules\.staging\node-sqlite3-e91f6467\node_modules
151 silly doParallel preinstall 1
152 silly preinstall node-sqlite3@0.0.3 C:\dev\mgit\softtrack\node_modules\.staging\node-sqlite3-e91f6467
153 info lifecycle node-sqlite3@0.0.3~preinstall: node-sqlite3@0.0.3
154 silly lifecycle node-sqlite3@0.0.3~preinstall: no script for preinstall, continuing
155 silly doReverseSerial remove 0
156 silly doSerial move 0
157 silly doSerial finalize 1
158 silly finalize C:\dev\mgit\softtrack\node_modules\node-sqlite3
159 silly doSerial build 1
160 silly build node-sqlite3@0.0.3
161 info linkStuff node-sqlite3@0.0.3
162 silly linkStuff node-sqlite3@0.0.3 has C:\dev\mgit\softtrack\node_modules as its parent node_modules
163 verbose linkBins node-sqlite3@0.0.3
164 verbose linkMans node-sqlite3@0.0.3
165 silly doSerial global-link 0
166 silly doParallel update-linked 0
167 silly doSerial install 1
168 silly install node-sqlite3@0.0.3 C:\dev\mgit\softtrack\node_modules\.staging\node-sqlite3-e91f6467
169 info lifecycle node-sqlite3@0.0.3~install: node-sqlite3@0.0.3
170 verbose lifecycle node-sqlite3@0.0.3~install: unsafe-perm in lifecycle true
171 verbose lifecycle node-sqlite3@0.0.3~install: PATH: C:\Program Files\nodejs\node_modules\npm\bin\node-gyp-bin;C:\dev\mgit\softtrack\node_modules\node-sqlite3\node_modules\.bin;C:\dev\mgit\softtrack\node_modules\.bin;C:\Program Files\nodejs;C:\app\client\fs\product\12.1.0\client_1\bin;C:\ProgramData\Oracle\Java\javapath;C:\WINDOWS\system32;C:\WINDOWS;C:\WINDOWS\System32\Wbem;C:\WINDOWS\System32\WindowsPowerShell\v1.0\;C:\Program Files\Git\cmd;C:\Program Files\Git\mingw64\bin;C:\Program Files\Git\usr\bin;C:\WINDOWS\system32\config\systemprofile\.dnx\bin;C:\Program Files\Microsoft DNX\Dnvm\;C:\Program Files\Microsoft SQL Server\130\Tools\Binn\;C:\Program Files\nodejs\;C:\Program Files\TortoiseSVN\bin;C:\Users\fs\AppData\Roaming\npm
172 verbose lifecycle node-sqlite3@0.0.3~install: CWD: C:\dev\mgit\softtrack\node_modules\node-sqlite3
173 silly lifecycle node-sqlite3@0.0.3~install: Args: [ '/d /s /c', 'node-gyp rebuild' ]
174 silly lifecycle node-sqlite3@0.0.3~install: Returned: code: 1  signal: null
175 info lifecycle node-sqlite3@0.0.3~install: Failed to exec install script
176 verbose unlock done using C:\Users\fs\AppData\Roaming\npm-cache\_locks\staging-a37b112c17140297.lock for C:\dev\mgit\softtrack\node_modules\.staging
177 silly rollbackFailedOptional Starting
178 silly rollbackFailedOptional Finishing
179 silly runTopLevelLifecycles Starting
180 silly runTopLevelLifecycles Finishing
181 silly install printInstalled
182 warn enoent ENOENT: no such file or directory, open 'C:\dev\mgit\softtrack\node_modules\accepts\package.json'
183 warn enoent ENOENT: no such file or directory, open 'C:\dev\mgit\softtrack\node_modules\acorn\package.json'
184 warn enoent ENOENT: no such file or directory, open 'C:\dev\mgit\softtrack\node_modules\acorn-globals\package.json'
185 warn enoent ENOENT: no such file or directory, open 'C:\dev\mgit\softtrack\node_modules\align-text\package.json'
186 warn enoent ENOENT: no such file or directory, open 'C:\dev\mgit\softtrack\node_modules\amdefine\package.json'
187 warn enoent ENOENT: no such file or directory, open 'C:\dev\mgit\softtrack\node_modules\array-flatten\package.json'
188 warn enoent ENOENT: no such file or directory, open 'C:\dev\mgit\softtrack\node_modules\asap\package.json'
189 warn enoent ENOENT: no such file or directory, open 'C:\dev\mgit\softtrack\node_modules\basic-auth\package.json'
190 warn enoent ENOENT: no such file or directory, open 'C:\dev\mgit\softtrack\node_modules\bytes\package.json'
191 warn enoent ENOENT: no such file or directory, open 'C:\dev\mgit\softtrack\node_modules\async\package.json'
192 warn enoent ENOENT: no such file or directory, open 'C:\dev\mgit\softtrack\node_modules\camelcase\package.json'
193 warn enoent ENOENT: no such file or directory, open 'C:\dev\mgit\softtrack\node_modules\center-align\package.json'
194 warn enoent ENOENT: no such file or directory, open 'C:\dev\mgit\softtrack\node_modules\character-parser\package.json'
195 warn enoent ENOENT: no such file or directory, open 'C:\dev\mgit\softtrack\node_modules\clean-css\package.json'
196 warn enoent ENOENT: no such file or directory, open 'C:\dev\mgit\softtrack\node_modules\cliui\package.json'
197 warn enoent ENOENT: no such file or directory, open 'C:\dev\mgit\softtrack\node_modules\commander\package.json'
198 warn enoent ENOENT: no such file or directory, open 'C:\dev\mgit\softtrack\node_modules\constantinople\package.json'
199 warn enoent ENOENT: no such file or directory, open 'C:\dev\mgit\softtrack\node_modules\content-disposition\package.json'
200 warn enoent ENOENT: no such file or directory, open 'C:\dev\mgit\softtrack\node_modules\cookie\package.json'
201 warn enoent ENOENT: no such file or directory, open 'C:\dev\mgit\softtrack\node_modules\content-type\package.json'
202 warn enoent ENOENT: no such file or directory, open 'C:\dev\mgit\softtrack\node_modules\cookie-signature\package.json'
203 warn enoent ENOENT: no such file or directory, open 'C:\dev\mgit\softtrack\node_modules\css\package.json'
204 warn enoent ENOENT: no such file or directory, open 'C:\dev\mgit\softtrack\node_modules\css-parse\package.json'
205 warn enoent ENOENT: no such file or directory, open 'C:\dev\mgit\softtrack\node_modules\decamelize\package.json'
206 warn enoent ENOENT: no such file or directory, open 'C:\dev\mgit\softtrack\node_modules\css-stringify\package.json'
207 warn enoent ENOENT: no such file or directory, open 'C:\dev\mgit\softtrack\node_modules\depd\package.json'
208 warn enoent ENOENT: no such file or directory, open 'C:\dev\mgit\softtrack\node_modules\destroy\package.json'
209 warn enoent ENOENT: no such file or directory, open 'C:\dev\mgit\softtrack\node_modules\ee-first\package.json'
210 warn enoent ENOENT: no such file or directory, open 'C:\dev\mgit\softtrack\node_modules\escape-html\package.json'
211 warn enoent ENOENT: no such file or directory, open 'C:\dev\mgit\softtrack\node_modules\etag\package.json'
212 warn enoent ENOENT: no such file or directory, open 'C:\dev\mgit\softtrack\node_modules\finalhandler\package.json'
213 warn enoent ENOENT: no such file or directory, open 'C:\dev\mgit\softtrack\node_modules\forwarded\package.json'
214 warn enoent ENOENT: no such file or directory, open 'C:\dev\mgit\softtrack\node_modules\fresh\package.json'
215 warn enoent ENOENT: no such file or directory, open 'C:\dev\mgit\softtrack\node_modules\graceful-readlink\package.json'
216 warn enoent ENOENT: no such file or directory, open 'C:\dev\mgit\softtrack\node_modules\iconv-lite\package.json'
217 warn enoent ENOENT: no such file or directory, open 'C:\dev\mgit\softtrack\node_modules\inherits\package.json'
218 warn enoent ENOENT: no such file or directory, open 'C:\dev\mgit\softtrack\node_modules\http-errors\package.json'
219 warn enoent ENOENT: no such file or directory, open 'C:\dev\mgit\softtrack\node_modules\is-buffer\package.json'
220 warn enoent ENOENT: no such file or directory, open 'C:\dev\mgit\softtrack\node_modules\ipaddr.js\package.json'
221 warn enoent ENOENT: no such file or directory, open 'C:\dev\mgit\softtrack\node_modules\jade\package.json'
222 warn enoent ENOENT: no such file or directory, open 'C:\dev\mgit\softtrack\node_modules\is-promise\package.json'
223 warn enoent ENOENT: no such file or directory, open 'C:\dev\mgit\softtrack\node_modules\jstransformer\package.json'
224 warn enoent ENOENT: no such file or directory, open 'C:\dev\mgit\softtrack\node_modules\kind-of\package.json'
225 warn enoent ENOENT: no such file or directory, open 'C:\dev\mgit\softtrack\node_modules\lazy-cache\package.json'
226 warn enoent ENOENT: no such file or directory, open 'C:\dev\mgit\softtrack\node_modules\longest\package.json'
227 warn enoent ENOENT: no such file or directory, open 'C:\dev\mgit\softtrack\node_modules\media-typer\package.json'
228 warn enoent ENOENT: no such file or directory, open 'C:\dev\mgit\softtrack\node_modules\merge-descriptors\package.json'
229 warn enoent ENOENT: no such file or directory, open 'C:\dev\mgit\softtrack\node_modules\methods\package.json'
230 warn enoent ENOENT: no such file or directory, open 'C:\dev\mgit\softtrack\node_modules\mime-db\package.json'
231 warn enoent ENOENT: no such file or directory, open 'C:\dev\mgit\softtrack\node_modules\mime\package.json'
232 warn enoent ENOENT: no such file or directory, open 'C:\dev\mgit\softtrack\node_modules\mime-types\package.json'
233 warn enoent ENOENT: no such file or directory, open 'C:\dev\mgit\softtrack\node_modules\minimist\package.json'
234 warn enoent ENOENT: no such file or directory, open 'C:\dev\mgit\softtrack\node_modules\mkdirp\package.json'
235 warn enoent ENOENT: no such file or directory, open 'C:\dev\mgit\softtrack\node_modules\negotiator\package.json'
236 warn enoent ENOENT: no such file or directory, open 'C:\dev\mgit\softtrack\node_modules\ms\package.json'
237 warn enoent ENOENT: no such file or directory, open 'C:\dev\mgit\softtrack\node_modules\on-finished\package.json'
238 warn enoent ENOENT: no such file or directory, open 'C:\dev\mgit\softtrack\node_modules\on-headers\package.json'
239 warn enoent ENOENT: no such file or directory, open 'C:\dev\mgit\softtrack\node_modules\optimist\package.json'
240 warn enoent ENOENT: no such file or directory, open 'C:\dev\mgit\softtrack\node_modules\path-to-regexp\package.json'
241 warn enoent ENOENT: no such file or directory, open 'C:\dev\mgit\softtrack\node_modules\parseurl\package.json'
242 warn enoent ENOENT: no such file or directory, open 'C:\dev\mgit\softtrack\node_modules\promise\package.json'
243 warn enoent ENOENT: no such file or directory, open 'C:\dev\mgit\softtrack\node_modules\proxy-addr\package.json'
244 warn enoent ENOENT: no such file or directory, open 'C:\dev\mgit\softtrack\node_modules\qs\package.json'
245 warn enoent ENOENT: no such file or directory, open 'C:\dev\mgit\softtrack\node_modules\repeat-string\package.json'
246 warn enoent ENOENT: no such file or directory, open 'C:\dev\mgit\softtrack\node_modules\range-parser\package.json'
247 warn enoent ENOENT: no such file or directory, open 'C:\dev\mgit\softtrack\node_modules\right-align\package.json'
248 warn enoent ENOENT: no such file or directory, open 'C:\dev\mgit\softtrack\node_modules\source-map\package.json'
249 warn enoent ENOENT: no such file or directory, open 'C:\dev\mgit\softtrack\node_modules\statuses\package.json'
250 warn enoent ENOENT: no such file or directory, open 'C:\dev\mgit\softtrack\node_modules\transformers\package.json'
251 warn enoent ENOENT: no such file or directory, open 'C:\dev\mgit\softtrack\node_modules\type-is\package.json'
252 warn enoent ENOENT: no such file or directory, open 'C:\dev\mgit\softtrack\node_modules\uglify-js\package.json'
253 warn enoent ENOENT: no such file or directory, open 'C:\dev\mgit\softtrack\node_modules\uglify-to-browserify\package.json'
254 warn enoent ENOENT: no such file or directory, open 'C:\dev\mgit\softtrack\node_modules\utils-merge\package.json'
255 warn enoent ENOENT: no such file or directory, open 'C:\dev\mgit\softtrack\node_modules\unpipe\package.json'
256 warn enoent ENOENT: no such file or directory, open 'C:\dev\mgit\softtrack\node_modules\vary\package.json'
257 warn enoent ENOENT: no such file or directory, open 'C:\dev\mgit\softtrack\node_modules\void-elements\package.json'
258 warn enoent ENOENT: no such file or directory, open 'C:\dev\mgit\softtrack\node_modules\window-size\package.json'
259 warn enoent ENOENT: no such file or directory, open 'C:\dev\mgit\softtrack\node_modules\with\package.json'
260 warn enoent ENOENT: no such file or directory, open 'C:\dev\mgit\softtrack\node_modules\wordwrap\package.json'
261 warn enoent ENOENT: no such file or directory, open 'C:\dev\mgit\softtrack\node_modules\yargs\package.json'
262 verbose stack Error: node-sqlite3@0.0.3 install: `node-gyp rebuild`
262 verbose stack Exit status 1
262 verbose stack     at EventEmitter.<anonymous> (C:\Program Files\nodejs\node_modules\npm\lib\utils\lifecycle.js:245:16)
262 verbose stack     at emitTwo (events.js:106:13)
262 verbose stack     at EventEmitter.emit (events.js:191:7)
262 verbose stack     at ChildProcess.<anonymous> (C:\Program Files\nodejs\node_modules\npm\lib\utils\spawn.js:24:14)
262 verbose stack     at emitTwo (events.js:106:13)
262 verbose stack     at ChildProcess.emit (events.js:191:7)
262 verbose stack     at maybeClose (internal/child_process.js:850:16)
262 verbose stack     at Process.ChildProcess._handle.onexit (internal/child_process.js:215:5)
263 verbose pkgid node-sqlite3@0.0.3
264 verbose cwd C:\dev\mgit\softtrack\bin
265 error Windows_NT 10.0.10586
266 error argv "C:\\Program Files\\nodejs\\node.exe" "C:\\Program Files\\nodejs\\node_modules\\npm\\bin\\npm-cli.js" "install" "node-sqlite3" "-save"
267 error node v6.2.0
268 error npm  v3.8.9
269 error code ELIFECYCLE
270 error node-sqlite3@0.0.3 install: `node-gyp rebuild`
270 error Exit status 1
271 error Failed at the node-sqlite3@0.0.3 install script 'node-gyp rebuild'.
271 error Make sure you have the latest version of node.js and npm installed.
271 error If you do, this is most likely a problem with the node-sqlite3 package,
271 error not with npm itself.
271 error Tell the author that this fails on your system:
271 error     node-gyp rebuild
271 error You can get information on how to open an issue for this project with:
271 error     npm bugs node-sqlite3
271 error Or if that isn't available, you can get their info via:
271 error     npm owner ls node-sqlite3
271 error There is likely additional logging output above.
272 verbose exit [ 1, true ]
